SF:lib/modules/home/presenter/page/menu_page.dart
DA:4,2
DA:8,2
DA:9,2
DA:22,2
DA:24,2
DA:27,2
DA:29,2
DA:32,2
DA:34,2
DA:35,2
DA:38,2
DA:40,2
DA:41,2
DA:47,2
DA:48,2
DA:49,4
DA:50,2
DA:51,2
DA:52,2
DA:53,6
DA:54,2
DA:56,2
DA:57,8
DA:58,2
DA:64,2
LF:25
LH:25
end_of_record
SF:lib/modules/home/presenter/page/home_page.dart
DA:9,1
DA:14,1
DA:15,1
DA:19,1
DA:21,1
DA:22,1
DA:25,1
DA:26,4
DA:31,5
DA:32,1
DA:33,3
DA:39,1
DA:41,1
DA:44,1
DA:46,1
DA:47,1
DA:49,1
DA:50,1
DA:51,1
DA:52,1
DA:54,1
DA:55,2
DA:57,1
DA:60,1
DA:63,1
DA:65,1
DA:66,1
DA:67,1
DA:68,3
DA:75,1
DA:76,1
DA:77,3
DA:78,4
DA:88,1
DA:89,1
DA:90,1
DA:91,1
DA:92,4
DA:93,1
DA:94,4
DA:95,1
DA:96,1
DA:98,1
DA:99,3
DA:100,2
DA:101,1
DA:102,2
DA:106,1
DA:112,1
DA:113,3
DA:114,1
DA:115,1
DA:116,1
DA:117,1
DA:118,1
DA:121,1
DA:122,1
DA:123,7
DA:127,1
DA:128,1
DA:129,1
LF:61
LH:61
end_of_record
SF:lib/modules/home/presenter/stores/home_page_store.dart
DA:29,1
DA:31,2
DA:32,1
DA:34,2
DA:35,1
DA:38,3
DA:40,2
DA:41,3
DA:42,1
DA:44,3
DA:45,1
DA:47,1
DA:48,2
DA:49,1
DA:50,2
DA:51,1
DA:53,1
DA:54,2
DA:55,1
DA:56,2
DA:57,1
DA:58,1
DA:66,1
DA:68,2
DA:69,4
DA:71,2
DA:72,2
DA:73,1
DA:78,1
DA:80,5
DA:82,1
DA:83,5
DA:86,2
DA:88,2
DA:89,1
DA:93,1
DA:94,4
DA:95,2
LF:38
LH:38
end_of_record
SF:lib/modules/home/presenter/stores/home_page_store.g.dart
DA:14,0
DA:16,0
DA:17,0
DA:20,0
DA:22,0
DA:23,0
DA:27,3
DA:29,1
DA:31,2
DA:32,1
DA:35,1
DA:37,4
DA:38,1
DA:42,3
DA:44,1
DA:46,2
DA:48,1
DA:50,2
DA:54,1
DA:56,2
DA:58,1
DA:60,2
DA:64,1
DA:66,2
DA:68,1
DA:70,2
DA:74,0
DA:77,0
DA:78,0
DA:79,0
LF:30
LH:20
end_of_record
